2022-05-18 13:56:05 [32minfo[39m: GET /api/products request has been accepted
2022-05-18 13:56:35 [31merror[39m: secret or public key must be provided
2022-05-18 13:56:49 [32minfo[39m: POST /api/auth request has been accepted
2022-05-18 13:56:49 [31merror[39m: secretOrPrivateKey must have a value
2022-05-18 13:57:15 [32minfo[39m: POST /api/auth request has been accepted
2022-05-18 13:57:15 [31merror[39m: secretOrPrivateKey must have a value
2022-05-18 13:57:17 [32minfo[39m: POST /api/auth request has been accepted
2022-05-18 13:57:17 [31merror[39m: secretOrPrivateKey must have a value
2022-05-18 13:58:50 [32minfo[39m: POST /api/auth request has been accepted
2022-05-18 13:58:50 [31merror[39m: secretOrPrivateKey must have a value
2022-05-18 13:59:00 [32minfo[39m: POST /api/auth request has been accepted
2022-05-18 13:59:22 [32minfo[39m: DELETE /api/products/62837778702cf9e6d8e33bd0 request has been accepted
2022-05-18 13:59:22 [31merror[39m: product not exsits!
2022-05-22 10:45:21 [32minfo[39m: MongoDB connection SUCCESS
2022-05-22 10:45:21 [31merror[39m: Invalid schema configuration: `True` is not a valid type at path `stock.required`. See https://bit.ly/mongoose-schematypes for a list of valid schema types.
2022-05-22 10:46:03 [32minfo[39m: MongoDB connection SUCCESS
2022-05-22 10:46:03 [31merror[39m: Invalid schema configuration: `True` is not a valid type at path `images.required`. See https://bit.ly/mongoose-schematypes for a list of valid schema types.
2022-05-22 10:46:15 [32minfo[39m: MongoDB connection SUCCESS
2022-05-22 10:46:15 [31merror[39m: Virtual path "availableSizes" conflicts with a real path in the schema
2022-05-22 10:46:33 [32minfo[39m: MongoDB connection SUCCESS
2022-05-22 10:46:33 [32minfo[39m: Server running on port 5000
2022-05-22 11:13:00 [32minfo[39m: MongoDB connection SUCCESS
2022-05-22 11:13:00 [32minfo[39m: Server running on port 5000
2022-05-22 11:38:18 [32minfo[39m: MongoDB connection SUCCESS
2022-05-22 11:38:19 [32minfo[39m: Server running on port 5000
2022-05-22 11:40:00 [32minfo[39m: MongoDB connection SUCCESS
2022-05-22 11:40:00 [32minfo[39m: Server running on port 5000
2022-05-22 11:40:21 [32minfo[39m: MongoDB connection SUCCESS
2022-05-22 11:40:21 [32minfo[39m: Server running on port 5000
2022-05-22 11:40:22 [32minfo[39m: MongoDB connection SUCCESS
2022-05-22 11:40:35 [32minfo[39m: GET /api/products request has been accepted
